<?xml version="1.0" encoding="UTF-8"?>
<testng-results skipped="0" failed="0" ignored="0" total="1" passed="1">
  <reporter-output>
  </reporter-output>
  <suite name="Default suite" duration-ms="29914" started-at="2018-11-09T20:00:33Z" finished-at="2018-11-09T20:01:03Z">
    <groups>
    </groups>
    <test name="Default test" duration-ms="29914" started-at="2018-11-09T20:00:33Z" finished-at="2018-11-09T20:01:03Z">
      <class name="com.tyeth.dockerseleniumtest.test.RouterTest">
        <test-method status="PASS" signature="setUp()[pri:0, instance:com.tyeth.dockerseleniumtest.test.RouterTest@d3e762]" name="setUp" is-config="true" duration-ms="2533" started-at="2018-11-09T20:00:33Z" finished-at="2018-11-09T20:00:36Z">
          <reporter-output>
          </reporter-output>
        </test-method> <!-- setUp -->
        <test-method status="PASS" signature="googleTest()[pri:0, instance:com.tyeth.dockerseleniumtest.test.RouterTest@d3e762]" name="googleTest" duration-ms="26761" started-at="2018-11-09T20:00:36Z" finished-at="2018-11-09T20:01:02Z">
          <reporter-output>
          </reporter-output>
        </test-method> <!-- googleTest -->
        <test-method status="PASS" signature="tearDown()[pri:0, instance:com.tyeth.dockerseleniumtest.test.RouterTest@d3e762]" name="tearDown" is-config="true" duration-ms="601" started-at="2018-11-09T20:01:02Z" finished-at="2018-11-09T20:01:03Z">
          <reporter-output>
          </reporter-output>
        </test-method> <!-- tearDown -->
      </class> <!-- com.tyeth.dockerseleniumtest.test.RouterTest -->
    </test> <!-- Default test -->
  </suite> <!-- Default suite -->
</testng-results>
